2025-03-17 17:57:42,785 - INFO - ====== WebDriver manager ======
2025-03-17 17:57:43,518 - INFO - Get LATEST chromedriver version for google-chrome
2025-03-17 17:57:43,725 - INFO - Get LATEST chromedriver version for google-chrome
2025-03-17 17:57:43,796 - INFO - There is no [win64] chromedriver "134.0.6998.88" for browser google-chrome "134.0.6998" in cache
2025-03-17 17:57:43,796 - INFO - Get LATEST chromedriver version for google-chrome
2025-03-17 17:57:44,021 - INFO - WebDriver version 134.0.6998.88 selected
2025-03-17 17:57:44,024 - INFO - Modern chrome version https://storage.googleapis.com/chrome-for-testing-public/134.0.6998.88/win32/chromedriver-win32.zip
2025-03-17 17:57:44,025 - INFO - About to download new driver from https://storage.googleapis.com/chrome-for-testing-public/134.0.6998.88/win32/chromedriver-win32.zip
2025-03-17 17:57:44,253 - INFO - Driver downloading response is 200
2025-03-17 17:57:49,308 - INFO - Get LATEST chromedriver version for google-chrome
2025-03-17 17:57:50,462 - INFO - Driver has been saved in cache [C:\Users\Pedro Pimenta\.wdm\drivers\chromedriver\win64\134.0.6998.88]
2025-03-17 17:58:30,110 - INFO - Login realizado com sucesso
2025-03-17 17:59:55,676 - ERROR - Elemento não encontrado: //div[@title="Anexar"]
2025-03-17 17:59:55,676 - ERROR - Erro ao anexar mídia: Message: 
Stacktrace:
	GetHandleVerifier [0x00B2B5A3+24387]
	(No symbol) [0x00AB5904]
	(No symbol) [0x00990753]
	(No symbol) [0x009D8BA9]
	(No symbol) [0x009D8EFB]
	(No symbol) [0x00A219C2]
	(No symbol) [0x009FD894]
	(No symbol) [0x00A1F138]
	(No symbol) [0x009FD646]
	(No symbol) [0x009CC59F]
	(No symbol) [0x009CD8E4]
	GetHandleVerifier [0x00E2D883+3179043]
	GetHandleVerifier [0x00E46CF9+3282585]
	GetHandleVerifier [0x00E4167C+3260444]
	GetHandleVerifier [0x00BC4330+650448]
	(No symbol) [0x00ABED0D]
	(No symbol) [0x00ABBAF8]
	(No symbol) [0x00ABBC99]
	(No symbol) [0x00AAE530]
	BaseThreadInitThunk [0x756FFCC9+25]
	RtlGetAppContainerNamedObjectPath [0x776C82AE+286]
	RtlGetAppContainerNamedObjectPath [0x776C827E+238]

2025-03-17 18:00:11,392 - ERROR - Elemento não encontrado: //div[@title="Anexar"]
2025-03-17 18:00:11,392 - ERROR - Erro ao anexar mídia: Message: 
Stacktrace:
	GetHandleVerifier [0x00B2B5A3+24387]
	(No symbol) [0x00AB5904]
	(No symbol) [0x00990753]
	(No symbol) [0x009D8BA9]
	(No symbol) [0x009D8EFB]
	(No symbol) [0x00A219C2]
	(No symbol) [0x009FD894]
	(No symbol) [0x00A1F138]
	(No symbol) [0x009FD646]
	(No symbol) [0x009CC59F]
	(No symbol) [0x009CD8E4]
	GetHandleVerifier [0x00E2D883+3179043]
	GetHandleVerifier [0x00E46CF9+3282585]
	GetHandleVerifier [0x00E4167C+3260444]
	GetHandleVerifier [0x00BC4330+650448]
	(No symbol) [0x00ABED0D]
	(No symbol) [0x00ABBAF8]
	(No symbol) [0x00ABBC99]
	(No symbol) [0x00AAE530]
	BaseThreadInitThunk [0x756FFCC9+25]
	RtlGetAppContainerNamedObjectPath [0x776C82AE+286]
	RtlGetAppContainerNamedObjectPath [0x776C827E+238]

2025-03-17 18:01:10,924 - ERROR - Elemento não encontrado: //div[@title="Anexar"]
2025-03-17 18:01:10,925 - ERROR - Erro ao anexar mídia: Message: 
Stacktrace:
	GetHandleVerifier [0x00B2B5A3+24387]
	(No symbol) [0x00AB5904]
	(No symbol) [0x00990753]
	(No symbol) [0x009D8BA9]
	(No symbol) [0x009D8EFB]
	(No symbol) [0x00A219C2]
	(No symbol) [0x009FD894]
	(No symbol) [0x00A1F138]
	(No symbol) [0x009FD646]
	(No symbol) [0x009CC59F]
	(No symbol) [0x009CD8E4]
	GetHandleVerifier [0x00E2D883+3179043]
	GetHandleVerifier [0x00E46CF9+3282585]
	GetHandleVerifier [0x00E4167C+3260444]
	GetHandleVerifier [0x00BC4330+650448]
	(No symbol) [0x00ABED0D]
	(No symbol) [0x00ABBAF8]
	(No symbol) [0x00ABBC99]
	(No symbol) [0x00AAE530]
	BaseThreadInitThunk [0x756FFCC9+25]
	RtlGetAppContainerNamedObjectPath [0x776C82AE+286]
	RtlGetAppContainerNamedObjectPath [0x776C827E+238]

2025-03-17 18:01:26,838 - ERROR - Elemento não encontrado: //div[@title="Anexar"]
2025-03-17 18:01:26,839 - ERROR - Erro ao anexar mídia: Message: 
Stacktrace:
	GetHandleVerifier [0x00B2B5A3+24387]
	(No symbol) [0x00AB5904]
	(No symbol) [0x00990753]
	(No symbol) [0x009D8BA9]
	(No symbol) [0x009D8EFB]
	(No symbol) [0x00A219C2]
	(No symbol) [0x009FD894]
	(No symbol) [0x00A1F138]
	(No symbol) [0x009FD646]
	(No symbol) [0x009CC59F]
	(No symbol) [0x009CD8E4]
	GetHandleVerifier [0x00E2D883+3179043]
	GetHandleVerifier [0x00E46CF9+3282585]
	GetHandleVerifier [0x00E4167C+3260444]
	GetHandleVerifier [0x00BC4330+650448]
	(No symbol) [0x00ABED0D]
	(No symbol) [0x00ABBAF8]
	(No symbol) [0x00ABBC99]
	(No symbol) [0x00AAE530]
	BaseThreadInitThunk [0x756FFCC9+25]
	RtlGetAppContainerNamedObjectPath [0x776C82AE+286]
	RtlGetAppContainerNamedObjectPath [0x776C827E+238]

2025-03-17 18:17:02,711 - INFO - ====== WebDriver manager ======
2025-03-17 18:17:03,549 - INFO - Get LATEST chromedriver version for google-chrome
2025-03-17 18:17:04,173 - INFO - Get LATEST chromedriver version for google-chrome
2025-03-17 18:17:04,357 - INFO - Driver [C:\Users\Pedro Pimenta\.wdm\drivers\chromedriver\win64\134.0.6998.88\chromedriver-win32/chromedriver.exe] found in cache
2025-03-17 18:17:29,190 - INFO - Login realizado com sucesso
2025-03-17 18:18:51,554 - ERROR - Elemento não encontrado: //div[@title="Anexar"]
2025-03-17 18:18:51,554 - ERROR - Erro ao anexar mídia: Message: 
Stacktrace:
	GetHandleVerifier [0x00B2B5A3+24387]
	(No symbol) [0x00AB5904]
	(No symbol) [0x00990753]
	(No symbol) [0x009D8BA9]
	(No symbol) [0x009D8EFB]
	(No symbol) [0x00A219C2]
	(No symbol) [0x009FD894]
	(No symbol) [0x00A1F138]
	(No symbol) [0x009FD646]
	(No symbol) [0x009CC59F]
	(No symbol) [0x009CD8E4]
	GetHandleVerifier [0x00E2D883+3179043]
	GetHandleVerifier [0x00E46CF9+3282585]
	GetHandleVerifier [0x00E4167C+3260444]
	GetHandleVerifier [0x00BC4330+650448]
	(No symbol) [0x00ABED0D]
	(No symbol) [0x00ABBAF8]
	(No symbol) [0x00ABBC99]
	(No symbol) [0x00AAE530]
	BaseThreadInitThunk [0x756FFCC9+25]
	RtlGetAppContainerNamedObjectPath [0x776C82AE+286]
	RtlGetAppContainerNamedObjectPath [0x776C827E+238]

2025-03-17 18:19:08,067 - ERROR - Elemento não encontrado: //div[@title="Anexar"]
2025-03-17 18:19:08,067 - ERROR - Erro ao anexar mídia: Message: 
Stacktrace:
	GetHandleVerifier [0x00B2B5A3+24387]
	(No symbol) [0x00AB5904]
	(No symbol) [0x00990753]
	(No symbol) [0x009D8BA9]
	(No symbol) [0x009D8EFB]
	(No symbol) [0x00A219C2]
	(No symbol) [0x009FD894]
	(No symbol) [0x00A1F138]
	(No symbol) [0x009FD646]
	(No symbol) [0x009CC59F]
	(No symbol) [0x009CD8E4]
	GetHandleVerifier [0x00E2D883+3179043]
	GetHandleVerifier [0x00E46CF9+3282585]
	GetHandleVerifier [0x00E4167C+3260444]
	GetHandleVerifier [0x00BC4330+650448]
	(No symbol) [0x00ABED0D]
	(No symbol) [0x00ABBAF8]
	(No symbol) [0x00ABBC99]
	(No symbol) [0x00AAE530]
	BaseThreadInitThunk [0x756FFCC9+25]
	RtlGetAppContainerNamedObjectPath [0x776C82AE+286]
	RtlGetAppContainerNamedObjectPath [0x776C827E+238]

2025-03-17 18:29:55,550 - INFO - ====== WebDriver manager ======
2025-03-17 18:29:56,393 - INFO - Get LATEST chromedriver version for google-chrome
2025-03-17 18:29:56,514 - INFO - Get LATEST chromedriver version for google-chrome
2025-03-17 18:29:56,649 - INFO - Driver [C:\Users\Pedro Pimenta\.wdm\drivers\chromedriver\win64\134.0.6998.88\chromedriver-win32/chromedriver.exe] found in cache
2025-03-17 18:30:21,105 - INFO - Login realizado com sucesso
